<?xml version="1.0" encoding="utf-8"?>
<coverage line-rate="0.9669" branch-rate="0.9629000000000001" version="1.9" timestamp="1764193623" lines-covered="380" lines-valid="393" branches-covered="104" branches-valid="108">
  <sources>
    <source>C:\Users\PC\Desktop\6to\Luchini-TrabajoTarjeta2025\TarjetaSube\</source>
  </sources>
  <packages>
    <package name="TarjetaSube" line-rate="0.9669" branch-rate="0.9629000000000001" complexity="153">
      <classes>
        <class name="Boleto" filename="Boleto.cs" line-rate="1" branch-rate="1" complexity="15">
          <methods>
            <method name="get_MontoPagado" signature="()" line-rate="1" branch-rate="1" complexity="1">
              <lines>
                <line number="33" hits="1002" branch="False" />
              </lines>
            </method>
            <method name="get_LineaColectivo" signature="()" line-rate="1" branch-rate="1" complexity="1">
              <lines>
                <line number="38" hits="75" branch="False" />
              </lines>
            </method>
            <method name="get_Empresa" signature="()" line-rate="1" branch-rate="1" complexity="1">
              <lines>
                <line number="43" hits="75" branch="False" />
              </lines>
            </method>
            <method name="get_SaldoRestante" signature="()" line-rate="1" branch-rate="1" complexity="1">
              <lines>
                <line number="48" hits="120" branch="False" />
              </lines>
            </method>
            <method name="get_FechaHora" signature="()" line-rate="1" branch-rate="1" complexity="1">
              <lines>
                <line number="53" hits="120" branch="False" />
              </lines>
            </method>
            <method name="get_Fecha" signature="()" line-rate="1" branch-rate="1" complexity="1">
              <lines>
                <line number="58" hits="6" branch="False" />
              </lines>
            </method>
            <method name="get_TipoTarjeta" signature="()" line-rate="1" branch-rate="1" complexity="1">
              <lines>
                <line number="63" hits="87" branch="False" />
              </lines>
            </method>
            <method name="get_TotalAbonado" signature="()" line-rate="1" branch-rate="1" complexity="1">
              <lines>
                <line number="68" hits="6" branch="False" />
              </lines>
            </method>
            <method name="get_Saldo" signature="()" line-rate="1" branch-rate="1" complexity="1">
              <lines>
                <line number="73" hits="6" branch="False" />
              </lines>
            </method>
            <method name="get_IdTarjeta" signature="()" line-rate="1" branch-rate="1" complexity="1">
              <lines>
                <line number="78" hits="57" branch="False" />
              </lines>
            </method>
            <method name="get_EsTrasbordo" signature="()" line-rate="1" branch-rate="1" complexity="1">
              <lines>
                <line number="83" hits="108" branch="False" />
              </lines>
            </method>
            <method name="ToString" signature="()" line-rate="1" branch-rate="1" complexity="2">
              <lines>
                <line number="87" hits="3" branch="False" />
                <line number="88" hits="3" branch="True" condition-coverage="100% (2/2)">
                  <conditions>
                    <condition number="7" type="jump" coverage="100%" />
                  </conditions>
                </line>
                <line number="89" hits="3" branch="False" />
                <line number="90" hits="3" branch="False" />
                <line number="91" hits="3" branch="False" />
                <line number="92" hits="3" branch="False" />
                <line number="93" hits="3" branch="False" />
                <line number="94" hits="3" branch="False" />
              </lines>
            </method>
            <method name=".ctor" signature="(System.Decimal,System.String,System.String,System.Decimal,System.String,System.Int32,System.Boolean)" line-rate="1" branch-rate="1" complexity="1">
              <lines>
                <line number="15" hits="2" branch="False" />
                <line number="16" hits="2" branch="False" />
                <line number="17" hits="2" branch="False" />
              </lines>
            </method>
            <method name=".ctor" signature="(System.Decimal,System.String,System.String,System.Decimal,System.String,System.Int32,System.Boolean,ITiempoProvider)" line-rate="1" branch-rate="1" complexity="1">
              <lines>
                <line number="19" hits="1049" branch="False" />
                <line number="20" hits="1049" branch="False" />
                <line number="21" hits="1049" branch="False" />
                <line number="22" hits="1049" branch="False" />
                <line number="23" hits="1049" branch="False" />
                <line number="24" hits="1049" branch="False" />
                <line number="25" hits="1049" branch="False" />
                <line number="26" hits="1049" branch="False" />
                <line number="27" hits="1049" branch="False" />
                <line number="28" hits="1049" branch="False" />
                <line number="29" hits="1049" branch="False" />
              </lines>
            </method>
          </methods>
          <lines>
            <line number="33" hits="1002" branch="False" />
            <line number="38" hits="75" branch="False" />
            <line number="43" hits="75" branch="False" />
            <line number="48" hits="120" branch="False" />
            <line number="53" hits="120" branch="False" />
            <line number="58" hits="6" branch="False" />
            <line number="63" hits="87" branch="False" />
            <line number="68" hits="6" branch="False" />
            <line number="73" hits="6" branch="False" />
            <line number="78" hits="57" branch="False" />
            <line number="83" hits="108" branch="False" />
            <line number="87" hits="3" branch="False" />
            <line number="88" hits="3" branch="True" condition-coverage="100% (2/2)">
              <conditions>
                <condition number="7" type="jump" coverage="100%" />
              </conditions>
            </line>
            <line number="89" hits="3" branch="False" />
            <line number="90" hits="3" branch="False" />
            <line number="91" hits="3" branch="False" />
            <line number="92" hits="3" branch="False" />
            <line number="93" hits="3" branch="False" />
            <line number="94" hits="3" branch="False" />
            <line number="15" hits="2" branch="False" />
            <line number="16" hits="2" branch="False" />
            <line number="17" hits="2" branch="False" />
            <line number="19" hits="1049" branch="False" />
            <line number="20" hits="1049" branch="False" />
            <line number="21" hits="1049" branch="False" />
            <line number="22" hits="1049" branch="False" />
            <line number="23" hits="1049" branch="False" />
            <line number="24" hits="1049" branch="False" />
            <line number="25" hits="1049" branch="False" />
            <line number="26" hits="1049" branch="False" />
            <line number="27" hits="1049" branch="False" />
            <line number="28" hits="1049" branch="False" />
            <line number="29" hits="1049" branch="False" />
          </lines>
        </class>
        <class name="Colectivo" filename="Colectivo.cs" line-rate="1" branch-rate="1" complexity="10">
          <methods>
            <method name="PagarCon" signature="(Tarjeta)" line-rate="1" branch-rate="1" complexity="6">
              <lines>
                <line number="19" hits="972" branch="False" />
                <line number="20" hits="972" branch="True" condition-coverage="100% (2/2)">
                  <conditions>
                    <condition number="7" type="jump" coverage="100%" />
                  </conditions>
                </line>
                <line number="21" hits="1" branch="False" />
                <line number="24" hits="971" branch="False" />
                <line number="26" hits="971" branch="True" condition-coverage="100% (2/2)">
                  <conditions>
                    <condition number="34" type="jump" coverage="100%" />
                  </conditions>
                </line>
                <line number="27" hits="19" branch="False" />
                <line number="29" hits="19" branch="False" />
                <line number="30" hits="19" branch="False" />
                <line number="33" hits="952" branch="False" />
                <line number="36" hits="952" branch="True" condition-coverage="100% (2/2)">
                  <conditions>
                    <condition number="125" type="jump" coverage="100%" />
                  </conditions>
                </line>
                <line number="37" hits="918" branch="False" />
                <line number="38" hits="918" branch="False" />
                <line number="41" hits="34" branch="False" />
                <line number="42" hits="972" branch="False" />
              </lines>
            </method>
            <method name="get_Linea" signature="()" line-rate="1" branch-rate="1" complexity="1">
              <lines>
                <line number="46" hits="549" branch="False" />
              </lines>
            </method>
            <method name="get_Empresa" signature="()" line-rate="1" branch-rate="1" complexity="1">
              <lines>
                <line number="51" hits="147" branch="False" />
              </lines>
            </method>
            <method name=".ctor" signature="(System.String,System.String)" line-rate="1" branch-rate="1" complexity="1">
              <lines>
                <line number="7" hits="5" branch="False" />
                <line number="8" hits="5" branch="False" />
                <line number="9" hits="5" branch="False" />
              </lines>
            </method>
            <method name=".ctor" signature="(System.String,System.String,ITiempoProvider)" line-rate="1" branch-rate="1" complexity="1">
              <lines>
                <line number="11" hits="284" branch="False" />
                <line number="12" hits="284" branch="False" />
                <line number="13" hits="284" branch="False" />
                <line number="14" hits="284" branch="False" />
                <line number="15" hits="284" branch="False" />
                <line number="16" hits="284" branch="False" />
              </lines>
            </method>
          </methods>
          <lines>
            <line number="19" hits="972" branch="False" />
            <line number="20" hits="972" branch="True" condition-coverage="100% (2/2)">
              <conditions>
                <condition number="7" type="jump" coverage="100%" />
              </conditions>
            </line>
            <line number="21" hits="1" branch="False" />
            <line number="24" hits="971" branch="False" />
            <line number="26" hits="971" branch="True" condition-coverage="100% (2/2)">
              <conditions>
                <condition number="34" type="jump" coverage="100%" />
              </conditions>
            </line>
            <line number="27" hits="19" branch="False" />
            <line number="29" hits="19" branch="False" />
            <line number="30" hits="19" branch="False" />
            <line number="33" hits="952" branch="False" />
            <line number="36" hits="952" branch="True" condition-coverage="100% (2/2)">
              <conditions>
                <condition number="125" type="jump" coverage="100%" />
              </conditions>
            </line>
            <line number="37" hits="918" branch="False" />
            <line number="38" hits="918" branch="False" />
            <line number="41" hits="34" branch="False" />
            <line number="42" hits="972" branch="False" />
            <line number="46" hits="549" branch="False" />
            <line number="51" hits="147" branch="False" />
            <line number="7" hits="5" branch="False" />
            <line number="8" hits="5" branch="False" />
            <line number="9" hits="5" branch="False" />
            <line number="11" hits="284" branch="False" />
            <line number="12" hits="284" branch="False" />
            <line number="13" hits="284" branch="False" />
            <line number="14" hits="284" branch="False" />
            <line number="15" hits="284" branch="False" />
            <line number="16" hits="284" branch="False" />
          </lines>
        </class>
        <class name="ColectivoInterurbano" filename="ColectivoInterurbano.cs" line-rate="0.95" branch-rate="0.8332999999999999" complexity="8">
          <methods>
            <method name="PagarCon" signature="(Tarjeta)" line-rate="0.9285" branch-rate="0.8332999999999999" complexity="6">
              <lines>
                <line number="12" hits="64" branch="False" />
                <line number="13" hits="64" branch="True" condition-coverage="50% (1/2)">
                  <conditions>
                    <condition number="7" type="jump" coverage="50%" />
                  </conditions>
                </line>
                <line number="14" hits="0" branch="False" />
                <line number="17" hits="64" branch="False" />
                <line number="19" hits="64" branch="True" condition-coverage="100% (2/2)">
                  <conditions>
                    <condition number="34" type="jump" coverage="100%" />
                  </conditions>
                </line>
                <line number="20" hits="2" branch="False" />
                <line number="22" hits="2" branch="False" />
                <line number="23" hits="2" branch="False" />
                <line number="26" hits="62" branch="False" />
                <line number="29" hits="62" branch="True" condition-coverage="100% (2/2)">
                  <conditions>
                    <condition number="125" type="jump" coverage="100%" />
                  </conditions>
                </line>
                <line number="30" hits="43" branch="False" />
                <line number="31" hits="43" branch="False" />
                <line number="34" hits="19" branch="False" />
                <line number="35" hits="64" branch="False" />
              </lines>
            </method>
            <method name=".ctor" signature="(System.String,System.String)" line-rate="1" branch-rate="1" complexity="1">
              <lines>
                <line number="3" hits="4" branch="False" />
                <line number="4" hits="4" branch="False" />
                <line number="5" hits="4" branch="False" />
              </lines>
            </method>
            <method name=".ctor" signature="(System.String,System.String,ITiempoProvider)" line-rate="1" branch-rate="1" complexity="1">
              <lines>
                <line number="7" hits="46" branch="False" />
                <line number="8" hits="46" branch="False" />
                <line number="9" hits="46" branch="False" />
              </lines>
            </method>
          </methods>
          <lines>
            <line number="12" hits="64" branch="False" />
            <line number="13" hits="64" branch="True" condition-coverage="50% (1/2)">
              <conditions>
                <condition number="7" type="jump" coverage="50%" />
              </conditions>
            </line>
            <line number="14" hits="0" branch="False" />
            <line number="17" hits="64" branch="False" />
            <line number="19" hits="64" branch="True" condition-coverage="100% (2/2)">
              <conditions>
                <condition number="34" type="jump" coverage="100%" />
              </conditions>
            </line>
            <line number="20" hits="2" branch="False" />
            <line number="22" hits="2" branch="False" />
            <line number="23" hits="2" branch="False" />
            <line number="26" hits="62" branch="False" />
            <line number="29" hits="62" branch="True" condition-coverage="100% (2/2)">
              <conditions>
                <condition number="125" type="jump" coverage="100%" />
              </conditions>
            </line>
            <line number="30" hits="43" branch="False" />
            <line number="31" hits="43" branch="False" />
            <line number="34" hits="19" branch="False" />
            <line number="35" hits="64" branch="False" />
            <line number="3" hits="4" branch="False" />
            <line number="4" hits="4" branch="False" />
            <line number="5" hits="4" branch="False" />
            <line number="7" hits="46" branch="False" />
            <line number="8" hits="46" branch="False" />
            <line number="9" hits="46" branch="False" />
          </lines>
        </class>
        <class name="Tarjeta" filename="Tarjeta.cs" line-rate="0.9808" branch-rate="0.9814" complexity="62">
          <methods>
            <method name="get_Saldo" signature="()" line-rate="1" branch-rate="1" complexity="1">
              <lines>
                <line number="30" hits="3447" branch="False" />
              </lines>
            </method>
            <method name="get_SaldoPendiente" signature="()" line-rate="1" branch-rate="1" complexity="1">
              <lines>
                <line number="35" hits="84" branch="False" />
              </lines>
            </method>
            <method name="get_Id" signature="()" line-rate="1" branch-rate="1" complexity="1">
              <lines>
                <line number="40" hits="2985" branch="False" />
              </lines>
            </method>
            <method name="get_ViajesMensuales" signature="()" line-rate="1" branch-rate="1" complexity="1">
              <lines>
                <line number="45" hits="63" branch="False" />
              </lines>
            </method>
            <method name="Cargar" signature="(System.Decimal)" line-rate="0.8887999999999999" branch-rate="0.875" complexity="8">
              <lines>
                <line number="71" hits="279" branch="False" />
                <line number="72" hits="279" branch="False" />
                <line number="74" hits="279" branch="True" condition-coverage="100% (2/2)">
                  <conditions>
                    <condition number="192" type="jump" coverage="100%" />
                  </conditions>
                </line>
                <line number="75" hits="9" branch="False" />
                <line number="78" hits="270" branch="True" condition-coverage="100% (2/2)">
                  <conditions>
                    <condition number="221" type="jump" coverage="100%" />
                  </conditions>
                </line>
                <line number="79" hits="7" branch="False" />
                <line number="80" hits="7" branch="False" />
                <line number="81" hits="7" branch="True" condition-coverage="50% (1/2)">
                  <conditions>
                    <condition number="254" type="jump" coverage="50%" />
                  </conditions>
                </line>
                <line number="82" hits="0" branch="False" />
                <line number="83" hits="0" branch="False" />
                <line number="84" hits="0" branch="False" />
                <line number="87" hits="7" branch="False" />
                <line number="88" hits="7" branch="False" />
                <line number="89" hits="7" branch="False" />
                <line number="90" hits="7" branch="False" />
                <line number="91" hits="7" branch="False" />
                <line number="93" hits="270" branch="False" />
                <line number="95" hits="270" branch="True" condition-coverage="100% (2/2)">
                  <conditions>
                    <condition number="331" type="jump" coverage="100%" />
                  </conditions>
                </line>
                <line number="96" hits="205" branch="False" />
                <line number="97" hits="205" branch="False" />
                <line number="98" hits="205" branch="False" />
                <line number="100" hits="65" branch="False" />
                <line number="101" hits="65" branch="False" />
                <line number="102" hits="65" branch="False" />
                <line number="103" hits="65" branch="False" />
                <line number="105" hits="270" branch="False" />
                <line number="106" hits="279" branch="False" />
              </lines>
            </method>
            <method name="AcreditarCarga" signature="()" line-rate="1" branch-rate="1" complexity="4">
              <lines>
                <line number="109" hits="1020" branch="False" />
                <line number="110" hits="1020" branch="True" condition-coverage="100% (2/2)">
                  <conditions>
                    <condition number="19" type="jump" coverage="100%" />
                  </conditions>
                </line>
                <line number="111" hits="440" branch="False" />
                <line number="113" hits="580" branch="False" />
                <line number="115" hits="580" branch="True" condition-coverage="100% (2/2)">
                  <conditions>
                    <condition number="59" type="jump" coverage="100%" />
                  </conditions>
                </line>
                <line number="116" hits="11" branch="False" />
                <line number="117" hits="11" branch="False" />
                <line number="118" hits="11" branch="False" />
                <line number="119" hits="11" branch="False" />
                <line number="121" hits="569" branch="False" />
                <line number="122" hits="569" branch="False" />
                <line number="123" hits="569" branch="False" />
                <line number="124" hits="569" branch="False" />
                <line number="125" hits="1020" branch="False" />
              </lines>
            </method>
            <method name="Descontar" signature="(System.Decimal)" line-rate="1" branch-rate="1" complexity="2">
              <lines>
                <line number="128" hits="1042" branch="False" />
                <line number="130" hits="1042" branch="True" condition-coverage="100% (2/2)">
                  <conditions>
                    <condition number="30" type="jump" coverage="100%" />
                  </conditions>
                </line>
                <line number="131" hits="23" branch="False" />
                <line number="133" hits="1019" branch="False" />
                <line number="134" hits="1019" branch="False" />
                <line number="135" hits="1019" branch="False" />
                <line number="136" hits="1042" branch="False" />
              </lines>
            </method>
            <method name="PagarPasaje" signature="(System.String,System.Boolean)" line-rate="1" branch-rate="1" complexity="2">
              <lines>
                <line number="139" hits="891" branch="False" />
                <line number="140" hits="891" branch="False" />
                <line number="143" hits="891" branch="False" />
                <line number="145" hits="891" branch="False" />
                <line number="147" hits="891" branch="False" />
                <line number="148" hits="891" branch="True" condition-coverage="100% (2/2)">
                  <conditions>
                    <condition number="41" type="jump" coverage="100%" />
                  </conditions>
                </line>
                <line number="149" hits="872" branch="False" />
                <line number="150" hits="872" branch="False" />
                <line number="151" hits="872" branch="False" />
                <line number="152" hits="872" branch="False" />
                <line number="153" hits="872" branch="False" />
                <line number="156" hits="872" branch="False" />
                <line number="157" hits="872" branch="False" />
                <line number="158" hits="872" branch="False" />
                <line number="160" hits="19" branch="False" />
                <line number="162" hits="19" branch="False" />
                <line number="163" hits="19" branch="False" />
                <line number="164" hits="891" branch="False" />
                <line number="165" hits="891" branch="False" />
              </lines>
            </method>
            <method name="ObtenerTarifa" signature="(System.Boolean)" line-rate="1" branch-rate="1" complexity="12">
              <lines>
                <line number="168" hits="1970" branch="False" />
                <line number="169" hits="1970" branch="False" />
                <line number="171" hits="1970" branch="True" condition-coverage="100% (2/2)">
                  <conditions>
                    <condition number="11" type="jump" coverage="100%" />
                  </conditions>
                </line>
                <line number="172" hits="104" branch="False" />
                <line number="173" hits="104" branch="False" />
                <line number="177" hits="1866" branch="True" condition-coverage="100% (2/2)">
                  <conditions>
                    <condition number="53" type="jump" coverage="100%" />
                  </conditions>
                </line>
                <line number="178" hits="1625" branch="False" />
                <line number="179" hits="1625" branch="True" condition-coverage="100% (4/4)">
                  <conditions>
                    <condition number="64" type="jump" coverage="100%" />
                    <condition number="81" type="jump" coverage="100%" />
                  </conditions>
                </line>
                <line number="180" hits="509" branch="False" />
                <line number="181" hits="509" branch="False" />
                <line number="183" hits="1116" branch="True" condition-coverage="100% (4/4)">
                  <conditions>
                    <condition number="109" type="jump" coverage="100%" />
                    <condition number="131" type="jump" coverage="100%" />
                  </conditions>
                </line>
                <line number="184" hits="217" branch="False" />
                <line number="185" hits="217" branch="False" />
                <line number="187" hits="899" branch="False" />
                <line number="189" hits="1140" branch="False" />
                <line number="190" hits="1970" branch="False" />
              </lines>
            </method>
            <method name="ObtenerTipo" signature="()" line-rate="1" branch-rate="1" complexity="1">
              <lines>
                <line number="193" hits="837" branch="False" />
                <line number="194" hits="837" branch="False" />
                <line number="195" hits="837" branch="False" />
              </lines>
            </method>
            <method name="ActualizarContadorViajes" signature="()" line-rate="1" branch-rate="1" complexity="2">
              <lines>
                <line number="198" hits="445" branch="False" />
                <line number="199" hits="445" branch="False" />
                <line number="201" hits="445" branch="True" condition-coverage="100% (2/2)">
                  <conditions>
                    <condition number="38" type="jump" coverage="100%" />
                  </conditions>
                </line>
                <line number="202" hits="104" branch="False" />
                <line number="203" hits="104" branch="False" />
                <line number="204" hits="104" branch="False" />
                <line number="205" hits="104" branch="False" />
                <line number="207" hits="445" branch="False" />
              </lines>
            </method>
            <method name="ActualizarContadorViajesMensuales" signature="()" line-rate="1" branch-rate="1" complexity="6">
              <lines>
                <line number="210" hits="3011" branch="False" />
                <line number="211" hits="3011" branch="False" />
                <line number="213" hits="3011" branch="True" condition-coverage="100% (6/6)">
                  <conditions>
                    <condition number="29" type="jump" coverage="100%" />
                    <condition number="49" type="jump" coverage="100%" />
                    <condition number="79" type="jump" coverage="100%" />
                  </conditions>
                </line>
                <line number="214" hits="3011" branch="False" />
                <line number="215" hits="3011" branch="False" />
                <line number="216" hits="170" branch="False" />
                <line number="217" hits="170" branch="False" />
                <line number="218" hits="170" branch="False" />
                <line number="219" hits="170" branch="False" />
                <line number="220" hits="3011" branch="False" />
              </lines>
            </method>
            <method name="PuedeUsarTrasbordo" signature="(System.String)" line-rate="1" branch-rate="1" complexity="16">
              <lines>
                <line number="223" hits="1035" branch="False" />
                <line number="224" hits="1035" branch="False" />
                <line number="227" hits="1035" branch="True" condition-coverage="100% (2/2)">
                  <conditions>
                    <condition number="31" type="jump" coverage="100%" />
                  </conditions>
                </line>
                <line number="228" hits="874" branch="False" />
                <line number="229" hits="874" branch="False" />
                <line number="232" hits="874" branch="True" condition-coverage="100% (6/6)">
                  <conditions>
                    <condition number="66" type="jump" coverage="100%" />
                    <condition number="80" type="jump" coverage="100%" />
                    <condition number="102" type="jump" coverage="100%" />
                  </conditions>
                </line>
                <line number="233" hits="874" branch="False" />
                <line number="234" hits="874" branch="False" />
                <line number="235" hits="24" branch="False" />
                <line number="237" hits="24" branch="True" condition-coverage="100% (4/4)">
                  <conditions>
                    <condition number="113" type="jump" coverage="100%" />
                    <condition number="135" type="jump" coverage="100%" />
                  </conditions>
                </line>
                <line number="238" hits="23" branch="False" />
                <line number="239" hits="23" branch="True" condition-coverage="100% (4/4)">
                  <conditions>
                    <condition number="146" type="jump" coverage="100%" />
                    <condition number="166" type="jump" coverage="100%" />
                  </conditions>
                </line>
                <line number="240" hits="21" branch="False" />
                <line number="241" hits="21" branch="False" />
                <line number="243" hits="2" branch="False" />
                <line number="244" hits="3" branch="False" />
                <line number="245" hits="853" branch="False" />
                <line number="247" hits="1014" branch="False" />
                <line number="248" hits="1035" branch="False" />
              </lines>
            </method>
            <method name="RegistrarTrasbordo" signature="(System.String)" line-rate="1" branch-rate="1" complexity="2">
              <lines>
                <line number="251" hits="21" branch="False" />
                <line number="252" hits="21" branch="False" />
                <line number="253" hits="21" branch="False" />
                <line number="256" hits="21" branch="True" condition-coverage="100% (2/2)">
                  <conditions>
                    <condition number="42" type="jump" coverage="100%" />
                  </conditions>
                </line>
                <line number="257" hits="21" branch="False" />
                <line number="258" hits="21" branch="False" />
                <line number="259" hits="21" branch="False" />
                <line number="260" hits="21" branch="False" />
              </lines>
            </method>
            <method name=".ctor" signature="()" line-rate="1" branch-rate="1" complexity="1">
              <lines>
                <line number="48" hits="8" branch="False" />
                <line number="49" hits="8" branch="False" />
                <line number="50" hits="8" branch="False" />
              </lines>
            </method>
            <method name=".ctor" signature="(ITiempoProvider)" line-rate="1" branch-rate="1" complexity="1">
              <lines>
                <line number="52" hits="256" branch="False" />
                <line number="53" hits="256" branch="False" />
                <line number="54" hits="256" branch="False" />
                <line number="55" hits="256" branch="False" />
                <line number="56" hits="256" branch="False" />
                <line number="57" hits="256" branch="False" />
                <line number="58" hits="256" branch="False" />
                <line number="59" hits="256" branch="False" />
                <line number="60" hits="256" branch="False" />
                <line number="63" hits="256" branch="False" />
                <line number="64" hits="256" branch="False" />
                <line number="65" hits="256" branch="False" />
                <line number="66" hits="256" branch="False" />
                <line number="67" hits="256" branch="False" />
                <line number="68" hits="256" branch="False" />
              </lines>
            </method>
            <method name=".cctor" signature="()" line-rate="1" branch-rate="1" complexity="1">
              <lines>
                <line number="9" hits="1" branch="False" />
                <line number="10" hits="1" branch="False" />
                <line number="11" hits="1" branch="False" />
                <line number="15" hits="1" branch="False" />
              </lines>
            </method>
          </methods>
          <lines>
            <line number="30" hits="3447" branch="False" />
            <line number="35" hits="84" branch="False" />
            <line number="40" hits="2985" branch="False" />
            <line number="45" hits="63" branch="False" />
            <line number="71" hits="279" branch="False" />
            <line number="72" hits="279" branch="False" />
            <line number="74" hits="279" branch="True" condition-coverage="100% (2/2)">
              <conditions>
                <condition number="192" type="jump" coverage="100%" />
              </conditions>
            </line>
            <line number="75" hits="9" branch="False" />
            <line number="78" hits="270" branch="True" condition-coverage="100% (2/2)">
              <conditions>
                <condition number="221" type="jump" coverage="100%" />
              </conditions>
            </line>
            <line number="79" hits="7" branch="False" />
            <line number="80" hits="7" branch="False" />
            <line number="81" hits="7" branch="True" condition-coverage="50% (1/2)">
              <conditions>
                <condition number="254" type="jump" coverage="50%" />
              </conditions>
            </line>
            <line number="82" hits="0" branch="False" />
            <line number="83" hits="0" branch="False" />
            <line number="84" hits="0" branch="False" />
            <line number="87" hits="7" branch="False" />
            <line number="88" hits="7" branch="False" />
            <line number="89" hits="7" branch="False" />
            <line number="90" hits="7" branch="False" />
            <line number="91" hits="7" branch="False" />
            <line number="93" hits="270" branch="False" />
            <line number="95" hits="270" branch="True" condition-coverage="100% (2/2)">
              <conditions>
                <condition number="331" type="jump" coverage="100%" />
              </conditions>
            </line>
            <line number="96" hits="205" branch="False" />
            <line number="97" hits="205" branch="False" />
            <line number="98" hits="205" branch="False" />
            <line number="100" hits="65" branch="False" />
            <line number="101" hits="65" branch="False" />
            <line number="102" hits="65" branch="False" />
            <line number="103" hits="65" branch="False" />
            <line number="105" hits="270" branch="False" />
            <line number="106" hits="279" branch="False" />
            <line number="109" hits="1020" branch="False" />
            <line number="110" hits="1020" branch="True" condition-coverage="100% (2/2)">
              <conditions>
                <condition number="19" type="jump" coverage="100%" />
              </conditions>
            </line>
            <line number="111" hits="440" branch="False" />
            <line number="113" hits="580" branch="False" />
            <line number="115" hits="580" branch="True" condition-coverage="100% (2/2)">
              <conditions>
                <condition number="59" type="jump" coverage="100%" />
              </conditions>
            </line>
            <line number="116" hits="11" branch="False" />
            <line number="117" hits="11" branch="False" />
            <line number="118" hits="11" branch="False" />
            <line number="119" hits="11" branch="False" />
            <line number="121" hits="569" branch="False" />
            <line number="122" hits="569" branch="False" />
            <line number="123" hits="569" branch="False" />
            <line number="124" hits="569" branch="False" />
            <line number="125" hits="1020" branch="False" />
            <line number="128" hits="1042" branch="False" />
            <line number="130" hits="1042" branch="True" condition-coverage="100% (2/2)">
              <conditions>
                <condition number="30" type="jump" coverage="100%" />
              </conditions>
            </line>
            <line number="131" hits="23" branch="False" />
            <line number="133" hits="1019" branch="False" />
            <line number="134" hits="1019" branch="False" />
            <line number="135" hits="1019" branch="False" />
            <line number="136" hits="1042" branch="False" />
            <line number="139" hits="891" branch="False" />
            <line number="140" hits="891" branch="False" />
            <line number="143" hits="891" branch="False" />
            <line number="145" hits="891" branch="False" />
            <line number="147" hits="891" branch="False" />
            <line number="148" hits="891" branch="True" condition-coverage="100% (2/2)">
              <conditions>
                <condition number="41" type="jump" coverage="100%" />
              </conditions>
            </line>
            <line number="149" hits="872" branch="False" />
            <line number="150" hits="872" branch="False" />
            <line number="151" hits="872" branch="False" />
            <line number="152" hits="872" branch="False" />
            <line number="153" hits="872" branch="False" />
            <line number="156" hits="872" branch="False" />
            <line number="157" hits="872" branch="False" />
            <line number="158" hits="872" branch="False" />
            <line number="160" hits="19" branch="False" />
            <line number="162" hits="19" branch="False" />
            <line number="163" hits="19" branch="False" />
            <line number="164" hits="891" branch="False" />
            <line number="165" hits="891" branch="False" />
            <line number="168" hits="1970" branch="False" />
            <line number="169" hits="1970" branch="False" />
            <line number="171" hits="1970" branch="True" condition-coverage="100% (2/2)">
              <conditions>
                <condition number="11" type="jump" coverage="100%" />
              </conditions>
            </line>
            <line number="172" hits="104" branch="False" />
            <line number="173" hits="104" branch="False" />
            <line number="177" hits="1866" branch="True" condition-coverage="100% (2/2)">
              <conditions>
                <condition number="53" type="jump" coverage="100%" />
              </conditions>
            </line>
            <line number="178" hits="1625" branch="False" />
            <line number="179" hits="1625" branch="True" condition-coverage="100% (4/4)">
              <conditions>
                <condition number="64" type="jump" coverage="100%" />
                <condition number="81" type="jump" coverage="100%" />
              </conditions>
            </line>
            <line number="180" hits="509" branch="False" />
            <line number="181" hits="509" branch="False" />
            <line number="183" hits="1116" branch="True" condition-coverage="100% (4/4)">
              <conditions>
                <condition number="109" type="jump" coverage="100%" />
                <condition number="131" type="jump" coverage="100%" />
              </conditions>
            </line>
            <line number="184" hits="217" branch="False" />
            <line number="185" hits="217" branch="False" />
            <line number="187" hits="899" branch="False" />
            <line number="189" hits="1140" branch="False" />
            <line number="190" hits="1970" branch="False" />
            <line number="193" hits="837" branch="False" />
            <line number="194" hits="837" branch="False" />
            <line number="195" hits="837" branch="False" />
            <line number="198" hits="445" branch="False" />
            <line number="199" hits="445" branch="False" />
            <line number="201" hits="445" branch="True" condition-coverage="100% (2/2)">
              <conditions>
                <condition number="38" type="jump" coverage="100%" />
              </conditions>
            </line>
            <line number="202" hits="104" branch="False" />
            <line number="203" hits="104" branch="False" />
            <line number="204" hits="104" branch="False" />
            <line number="205" hits="104" branch="False" />
            <line number="207" hits="445" branch="False" />
            <line number="210" hits="3011" branch="False" />
            <line number="211" hits="3011" branch="False" />
            <line number="213" hits="3011" branch="True" condition-coverage="100% (6/6)">
              <conditions>
                <condition number="29" type="jump" coverage="100%" />
                <condition number="49" type="jump" coverage="100%" />
                <condition number="79" type="jump" coverage="100%" />
              </conditions>
            </line>
            <line number="214" hits="3011" branch="False" />
            <line number="215" hits="3011" branch="False" />
            <line number="216" hits="170" branch="False" />
            <line number="217" hits="170" branch="False" />
            <line number="218" hits="170" branch="False" />
            <line number="219" hits="170" branch="False" />
            <line number="220" hits="3011" branch="False" />
            <line number="223" hits="1035" branch="False" />
            <line number="224" hits="1035" branch="False" />
            <line number="227" hits="1035" branch="True" condition-coverage="100% (2/2)">
              <conditions>
                <condition number="31" type="jump" coverage="100%" />
              </conditions>
            </line>
            <line number="228" hits="874" branch="False" />
            <line number="229" hits="874" branch="False" />
            <line number="232" hits="874" branch="True" condition-coverage="100% (6/6)">
              <conditions>
                <condition number="66" type="jump" coverage="100%" />
                <condition number="80" type="jump" coverage="100%" />
                <condition number="102" type="jump" coverage="100%" />
              </conditions>
            </line>
            <line number="233" hits="874" branch="False" />
            <line number="234" hits="874" branch="False" />
            <line number="235" hits="24" branch="False" />
            <line number="237" hits="24" branch="True" condition-coverage="100% (4/4)">
              <conditions>
                <condition number="113" type="jump" coverage="100%" />
                <condition number="135" type="jump" coverage="100%" />
              </conditions>
            </line>
            <line number="238" hits="23" branch="False" />
            <line number="239" hits="23" branch="True" condition-coverage="100% (4/4)">
              <conditions>
                <condition number="146" type="jump" coverage="100%" />
                <condition number="166" type="jump" coverage="100%" />
              </conditions>
            </line>
            <line number="240" hits="21" branch="False" />
            <line number="241" hits="21" branch="False" />
            <line number="243" hits="2" branch="False" />
            <line number="244" hits="3" branch="False" />
            <line number="245" hits="853" branch="False" />
            <line number="247" hits="1014" branch="False" />
            <line number="248" hits="1035" branch="False" />
            <line number="251" hits="21" branch="False" />
            <line number="252" hits="21" branch="False" />
            <line number="253" hits="21" branch="False" />
            <line number="256" hits="21" branch="True" condition-coverage="100% (2/2)">
              <conditions>
                <condition number="42" type="jump" coverage="100%" />
              </conditions>
            </line>
            <line number="257" hits="21" branch="False" />
            <line number="258" hits="21" branch="False" />
            <line number="259" hits="21" branch="False" />
            <line number="260" hits="21" branch="False" />
            <line number="48" hits="8" branch="False" />
            <line number="49" hits="8" branch="False" />
            <line number="50" hits="8" branch="False" />
            <line number="52" hits="256" branch="False" />
            <line number="53" hits="256" branch="False" />
            <line number="54" hits="256" branch="False" />
            <line number="55" hits="256" branch="False" />
            <line number="56" hits="256" branch="False" />
            <line number="57" hits="256" branch="False" />
            <line number="58" hits="256" branch="False" />
            <line number="59" hits="256" branch="False" />
            <line number="60" hits="256" branch="False" />
            <line number="63" hits="256" branch="False" />
            <line number="64" hits="256" branch="False" />
            <line number="65" hits="256" branch="False" />
            <line number="66" hits="256" branch="False" />
            <line number="67" hits="256" branch="False" />
            <line number="68" hits="256" branch="False" />
            <line number="9" hits="1" branch="False" />
            <line number="10" hits="1" branch="False" />
            <line number="11" hits="1" branch="False" />
            <line number="15" hits="1" branch="False" />
          </lines>
        </class>
        <class name="TarjetaBoletoGratuitoEstudiantil" filename="TarjetaBoletoEstudiantil.cs" line-rate="1" branch-rate="1" complexity="2">
          <methods>
            <method name=".ctor" signature="()" line-rate="1" branch-rate="1" complexity="1">
              <lines>
                <line number="3" hits="6" branch="False" />
                <line number="4" hits="6" branch="False" />
                <line number="5" hits="6" branch="False" />
              </lines>
            </method>
            <method name=".ctor" signature="(ITiempoProvider)" line-rate="1" branch-rate="1" complexity="1">
              <lines>
                <line number="7" hits="7" branch="False" />
                <line number="8" hits="7" branch="False" />
                <line number="9" hits="7" branch="False" />
              </lines>
            </method>
          </methods>
          <lines>
            <line number="3" hits="6" branch="False" />
            <line number="4" hits="6" branch="False" />
            <line number="5" hits="6" branch="False" />
            <line number="7" hits="7" branch="False" />
            <line number="8" hits="7" branch="False" />
            <line number="9" hits="7" branch="False" />
          </lines>
        </class>
        <class name="TarjetaFranquiciaCompleta" filename="TarjetaFranquiciaCompleta.cs" line-rate="1" branch-rate="1" complexity="19">
          <methods>
            <method name="PagarPasaje" signature="(System.String,System.Boolean)" line-rate="1" branch-rate="1" complexity="6">
              <lines>
                <line number="16" hits="62" branch="False" />
                <line number="18" hits="62" branch="True" condition-coverage="100% (2/2)">
                  <conditions>
                    <condition number="12" type="jump" coverage="100%" />
                  </conditions>
                </line>
                <line number="19" hits="12" branch="False" />
                <line number="20" hits="12" branch="False" />
                <line number="23" hits="50" branch="False" />
                <line number="24" hits="50" branch="False" />
                <line number="26" hits="50" branch="True" condition-coverage="100% (2/2)">
                  <conditions>
                    <condition number="47" type="jump" coverage="100%" />
                  </conditions>
                </line>
                <line number="27" hits="36" branch="False" />
                <line number="29" hits="36" branch="False" />
                <line number="30" hits="36" branch="False" />
                <line number="31" hits="36" branch="False" />
                <line number="32" hits="36" branch="False" />
                <line number="33" hits="36" branch="False" />
                <line number="34" hits="36" branch="False" />
                <line number="35" hits="36" branch="False" />
                <line number="38" hits="14" branch="False" />
                <line number="40" hits="14" branch="False" />
                <line number="41" hits="14" branch="False" />
                <line number="43" hits="14" branch="False" />
                <line number="45" hits="14" branch="False" />
                <line number="46" hits="14" branch="True" condition-coverage="100% (2/2)">
                  <conditions>
                    <condition number="172" type="jump" coverage="100%" />
                  </conditions>
                </line>
                <line number="47" hits="13" branch="False" />
                <line number="48" hits="13" branch="False" />
                <line number="49" hits="13" branch="False" />
                <line number="50" hits="13" branch="False" />
                <line number="51" hits="13" branch="False" />
                <line number="52" hits="13" branch="False" />
                <line number="54" hits="1" branch="False" />
                <line number="56" hits="1" branch="False" />
                <line number="57" hits="1" branch="False" />
                <line number="58" hits="1" branch="False" />
                <line number="59" hits="14" branch="False" />
                <line number="61" hits="62" branch="False" />
              </lines>
            </method>
            <method name="ObtenerTarifa" signature="(System.Boolean)" line-rate="1" branch-rate="1" complexity="2">
              <lines>
                <line number="64" hits="61" branch="False" />
                <line number="65" hits="61" branch="False" />
                <line number="67" hits="61" branch="True" condition-coverage="100% (2/2)">
                  <conditions>
                    <condition number="19" type="jump" coverage="100%" />
                  </conditions>
                </line>
                <line number="68" hits="47" branch="False" />
                <line number="69" hits="47" branch="False" />
                <line number="72" hits="14" branch="False" />
                <line number="73" hits="14" branch="False" />
                <line number="75" hits="61" branch="False" />
              </lines>
            </method>
            <method name="ObtenerTipo" signature="()" line-rate="1" branch-rate="1" complexity="1">
              <lines>
                <line number="78" hits="53" branch="False" />
                <line number="79" hits="53" branch="False" />
                <line number="80" hits="53" branch="False" />
              </lines>
            </method>
            <method name="EstaEnFranjaHorariaPermitida" signature="()" line-rate="1" branch-rate="1" complexity="8">
              <lines>
                <line number="83" hits="62" branch="False" />
                <line number="84" hits="62" branch="False" />
                <line number="87" hits="62" branch="True" condition-coverage="100% (4/4)">
                  <conditions>
                    <condition number="21" type="jump" coverage="100%" />
                    <condition number="41" type="jump" coverage="100%" />
                  </conditions>
                </line>
                <line number="88" hits="53" branch="False" />
                <line number="90" hits="53" branch="True" condition-coverage="100% (4/4)">
                  <conditions>
                    <condition number="52" type="jump" coverage="100%" />
                    <condition number="70" type="jump" coverage="100%" />
                  </conditions>
                </line>
                <line number="91" hits="50" branch="False" />
                <line number="92" hits="50" branch="False" />
                <line number="94" hits="3" branch="False" />
                <line number="96" hits="12" branch="False" />
                <line number="97" hits="62" branch="False" />
              </lines>
            </method>
            <method name=".ctor" signature="()" line-rate="1" branch-rate="1" complexity="1">
              <lines>
                <line number="7" hits="6" branch="False" />
                <line number="8" hits="6" branch="False" />
                <line number="9" hits="6" branch="False" />
              </lines>
            </method>
            <method name=".ctor" signature="(ITiempoProvider)" line-rate="1" branch-rate="1" complexity="1">
              <lines>
                <line number="11" hits="39" branch="False" />
                <line number="12" hits="39" branch="False" />
                <line number="13" hits="39" branch="False" />
              </lines>
            </method>
          </methods>
          <lines>
            <line number="16" hits="62" branch="False" />
            <line number="18" hits="62" branch="True" condition-coverage="100% (2/2)">
              <conditions>
                <condition number="12" type="jump" coverage="100%" />
              </conditions>
            </line>
            <line number="19" hits="12" branch="False" />
            <line number="20" hits="12" branch="False" />
            <line number="23" hits="50" branch="False" />
            <line number="24" hits="50" branch="False" />
            <line number="26" hits="50" branch="True" condition-coverage="100% (2/2)">
              <conditions>
                <condition number="47" type="jump" coverage="100%" />
              </conditions>
            </line>
            <line number="27" hits="36" branch="False" />
            <line number="29" hits="36" branch="False" />
            <line number="30" hits="36" branch="False" />
            <line number="31" hits="36" branch="False" />
            <line number="32" hits="36" branch="False" />
            <line number="33" hits="36" branch="False" />
            <line number="34" hits="36" branch="False" />
            <line number="35" hits="36" branch="False" />
            <line number="38" hits="14" branch="False" />
            <line number="40" hits="14" branch="False" />
            <line number="41" hits="14" branch="False" />
            <line number="43" hits="14" branch="False" />
            <line number="45" hits="14" branch="False" />
            <line number="46" hits="14" branch="True" condition-coverage="100% (2/2)">
              <conditions>
                <condition number="172" type="jump" coverage="100%" />
              </conditions>
            </line>
            <line number="47" hits="13" branch="False" />
            <line number="48" hits="13" branch="False" />
            <line number="49" hits="13" branch="False" />
            <line number="50" hits="13" branch="False" />
            <line number="51" hits="13" branch="False" />
            <line number="52" hits="13" branch="False" />
            <line number="54" hits="1" branch="False" />
            <line number="56" hits="1" branch="False" />
            <line number="57" hits="1" branch="False" />
            <line number="58" hits="1" branch="False" />
            <line number="59" hits="14" branch="False" />
            <line number="61" hits="62" branch="False" />
            <line number="64" hits="61" branch="False" />
            <line number="65" hits="61" branch="False" />
            <line number="67" hits="61" branch="True" condition-coverage="100% (2/2)">
              <conditions>
                <condition number="19" type="jump" coverage="100%" />
              </conditions>
            </line>
            <line number="68" hits="47" branch="False" />
            <line number="69" hits="47" branch="False" />
            <line number="72" hits="14" branch="False" />
            <line number="73" hits="14" branch="False" />
            <line number="75" hits="61" branch="False" />
            <line number="78" hits="53" branch="False" />
            <line number="79" hits="53" branch="False" />
            <line number="80" hits="53" branch="False" />
            <line number="83" hits="62" branch="False" />
            <line number="84" hits="62" branch="False" />
            <line number="87" hits="62" branch="True" condition-coverage="100% (4/4)">
              <conditions>
                <condition number="21" type="jump" coverage="100%" />
                <condition number="41" type="jump" coverage="100%" />
              </conditions>
            </line>
            <line number="88" hits="53" branch="False" />
            <line number="90" hits="53" branch="True" condition-coverage="100% (4/4)">
              <conditions>
                <condition number="52" type="jump" coverage="100%" />
                <condition number="70" type="jump" coverage="100%" />
              </conditions>
            </line>
            <line number="91" hits="50" branch="False" />
            <line number="92" hits="50" branch="False" />
            <line number="94" hits="3" branch="False" />
            <line number="96" hits="12" branch="False" />
            <line number="97" hits="62" branch="False" />
            <line number="7" hits="6" branch="False" />
            <line number="8" hits="6" branch="False" />
            <line number="9" hits="6" branch="False" />
            <line number="11" hits="39" branch="False" />
            <line number="12" hits="39" branch="False" />
            <line number="13" hits="39" branch="False" />
          </lines>
        </class>
        <class name="TarjetaMedioBoleto" filename="TarjetaMedioBoleto.cs" line-rate="0.8676" branch-rate="0.9166" complexity="28">
          <methods>
            <method name="PagarPasaje" signature="(System.String,System.Boolean)" line-rate="0.8856999999999999" branch-rate="0.9" complexity="10">
              <lines>
                <line number="18" hits="124" branch="False" />
                <line number="20" hits="124" branch="True" condition-coverage="100% (2/2)">
                  <conditions>
                    <condition number="12" type="jump" coverage="100%" />
                  </conditions>
                </line>
                <line number="21" hits="13" branch="False" />
                <line number="22" hits="13" branch="False" />
                <line number="25" hits="111" branch="False" />
                <line number="28" hits="111" branch="True" condition-coverage="100% (2/2)">
                  <conditions>
                    <condition number="42" type="jump" coverage="100%" />
                  </conditions>
                </line>
                <line number="29" hits="75" branch="False" />
                <line number="30" hits="75" branch="True" condition-coverage="100% (2/2)">
                  <conditions>
                    <condition number="65" type="jump" coverage="100%" />
                  </conditions>
                </line>
                <line number="31" hits="25" branch="False" />
                <line number="32" hits="25" branch="False" />
                <line number="33" hits="25" branch="True" condition-coverage="100% (2/2)">
                  <conditions>
                    <condition number="114" type="jump" coverage="100%" />
                  </conditions>
                </line>
                <line number="34" hits="11" branch="False" />
                <line number="35" hits="11" branch="False" />
                <line number="37" hits="14" branch="False" />
                <line number="38" hits="64" branch="False" />
                <line number="40" hits="100" branch="False" />
                <line number="43" hits="100" branch="False" />
                <line number="46" hits="100" branch="False" />
                <line number="47" hits="100" branch="False" />
                <line number="49" hits="100" branch="False" />
                <line number="50" hits="100" branch="True" condition-coverage="50% (1/2)">
                  <conditions>
                    <condition number="182" type="jump" coverage="50%" />
                  </conditions>
                </line>
                <line number="51" hits="100" branch="False" />
                <line number="52" hits="100" branch="False" />
                <line number="53" hits="100" branch="False" />
                <line number="54" hits="100" branch="False" />
                <line number="55" hits="100" branch="False" />
                <line number="58" hits="100" branch="False" />
                <line number="59" hits="100" branch="False" />
                <line number="60" hits="100" branch="False" />
                <line number="62" hits="0" branch="False" />
                <line number="64" hits="0" branch="False" />
                <line number="65" hits="0" branch="False" />
                <line number="66" hits="0" branch="False" />
                <line number="67" hits="100" branch="False" />
                <line number="68" hits="124" branch="False" />
              </lines>
            </method>
            <method name="ObtenerTarifa" signature="(System.Boolean)" line-rate="0.9229999999999999" branch-rate="0.8332999999999999" complexity="6">
              <lines>
                <line number="71" hits="223" branch="False" />
                <line number="72" hits="223" branch="False" />
                <line number="74" hits="223" branch="True" condition-coverage="100% (2/2)">
                  <conditions>
                    <condition number="11" type="jump" coverage="100%" />
                  </conditions>
                </line>
                <line number="75" hits="8" branch="False" />
                <line number="77" hits="8" branch="True" condition-coverage="50% (1/2)">
                  <conditions>
                    <condition number="25" type="jump" coverage="50%" />
                  </conditions>
                </line>
                <line number="78" hits="8" branch="False" />
                <line number="79" hits="8" branch="False" />
                <line number="81" hits="0" branch="False" />
                <line number="85" hits="215" branch="True" condition-coverage="100% (2/2)">
                  <conditions>
                    <condition number="69" type="jump" coverage="100%" />
                  </conditions>
                </line>
                <line number="86" hits="142" branch="False" />
                <line number="87" hits="142" branch="False" />
                <line number="91" hits="73" branch="False" />
                <line number="92" hits="223" branch="False" />
              </lines>
            </method>
            <method name="ObtenerTipo" signature="()" line-rate="1" branch-rate="1" complexity="1">
              <lines>
                <line number="95" hits="98" branch="False" />
                <line number="96" hits="98" branch="False" />
                <line number="97" hits="98" branch="False" />
              </lines>
            </method>
            <method name="EstaEnFranjaHorariaPermitida" signature="()" line-rate="1" branch-rate="1" complexity="8">
              <lines>
                <line number="100" hits="124" branch="False" />
                <line number="101" hits="124" branch="False" />
                <line number="104" hits="124" branch="True" condition-coverage="100% (4/4)">
                  <conditions>
                    <condition number="21" type="jump" coverage="100%" />
                    <condition number="41" type="jump" coverage="100%" />
                  </conditions>
                </line>
                <line number="105" hits="118" branch="False" />
                <line number="107" hits="118" branch="True" condition-coverage="100% (4/4)">
                  <conditions>
                    <condition number="52" type="jump" coverage="100%" />
                    <condition number="70" type="jump" coverage="100%" />
                  </conditions>
                </line>
                <line number="108" hits="111" branch="False" />
                <line number="109" hits="111" branch="False" />
                <line number="111" hits="7" branch="False" />
                <line number="113" hits="13" branch="False" />
                <line number="114" hits="124" branch="False" />
              </lines>
            </method>
            <method name=".ctor" signature="()" line-rate="0" branch-rate="1" complexity="1">
              <lines>
                <line number="9" hits="0" branch="False" />
                <line number="10" hits="0" branch="False" />
                <line number="11" hits="0" branch="False" />
              </lines>
            </method>
            <method name=".ctor" signature="(ITiempoProvider)" line-rate="1" branch-rate="1" complexity="1">
              <lines>
                <line number="13" hits="75" branch="False" />
                <line number="14" hits="75" branch="False" />
                <line number="15" hits="75" branch="False" />
              </lines>
            </method>
            <method name=".cctor" signature="()" line-rate="0" branch-rate="1" complexity="1">
              <lines>
                <line number="5" hits="0" branch="False" />
              </lines>
            </method>
          </methods>
          <lines>
            <line number="18" hits="124" branch="False" />
            <line number="20" hits="124" branch="True" condition-coverage="100% (2/2)">
              <conditions>
                <condition number="12" type="jump" coverage="100%" />
              </conditions>
            </line>
            <line number="21" hits="13" branch="False" />
            <line number="22" hits="13" branch="False" />
            <line number="25" hits="111" branch="False" />
            <line number="28" hits="111" branch="True" condition-coverage="100% (2/2)">
              <conditions>
                <condition number="42" type="jump" coverage="100%" />
              </conditions>
            </line>
            <line number="29" hits="75" branch="False" />
            <line number="30" hits="75" branch="True" condition-coverage="100% (2/2)">
              <conditions>
                <condition number="65" type="jump" coverage="100%" />
              </conditions>
            </line>
            <line number="31" hits="25" branch="False" />
            <line number="32" hits="25" branch="False" />
            <line number="33" hits="25" branch="True" condition-coverage="100% (2/2)">
              <conditions>
                <condition number="114" type="jump" coverage="100%" />
              </conditions>
            </line>
            <line number="34" hits="11" branch="False" />
            <line number="35" hits="11" branch="False" />
            <line number="37" hits="14" branch="False" />
            <line number="38" hits="64" branch="False" />
            <line number="40" hits="100" branch="False" />
            <line number="43" hits="100" branch="False" />
            <line number="46" hits="100" branch="False" />
            <line number="47" hits="100" branch="False" />
            <line number="49" hits="100" branch="False" />
            <line number="50" hits="100" branch="True" condition-coverage="50% (1/2)">
              <conditions>
                <condition number="182" type="jump" coverage="50%" />
              </conditions>
            </line>
            <line number="51" hits="100" branch="False" />
            <line number="52" hits="100" branch="False" />
            <line number="53" hits="100" branch="False" />
            <line number="54" hits="100" branch="False" />
            <line number="55" hits="100" branch="False" />
            <line number="58" hits="100" branch="False" />
            <line number="59" hits="100" branch="False" />
            <line number="60" hits="100" branch="False" />
            <line number="62" hits="0" branch="False" />
            <line number="64" hits="0" branch="False" />
            <line number="65" hits="0" branch="False" />
            <line number="66" hits="0" branch="False" />
            <line number="67" hits="100" branch="False" />
            <line number="68" hits="124" branch="False" />
            <line number="71" hits="223" branch="False" />
            <line number="72" hits="223" branch="False" />
            <line number="74" hits="223" branch="True" condition-coverage="100% (2/2)">
              <conditions>
                <condition number="11" type="jump" coverage="100%" />
              </conditions>
            </line>
            <line number="75" hits="8" branch="False" />
            <line number="77" hits="8" branch="True" condition-coverage="50% (1/2)">
              <conditions>
                <condition number="25" type="jump" coverage="50%" />
              </conditions>
            </line>
            <line number="78" hits="8" branch="False" />
            <line number="79" hits="8" branch="False" />
            <line number="81" hits="0" branch="False" />
            <line number="85" hits="215" branch="True" condition-coverage="100% (2/2)">
              <conditions>
                <condition number="69" type="jump" coverage="100%" />
              </conditions>
            </line>
            <line number="86" hits="142" branch="False" />
            <line number="87" hits="142" branch="False" />
            <line number="91" hits="73" branch="False" />
            <line number="92" hits="223" branch="False" />
            <line number="95" hits="98" branch="False" />
            <line number="96" hits="98" branch="False" />
            <line number="97" hits="98" branch="False" />
            <line number="100" hits="124" branch="False" />
            <line number="101" hits="124" branch="False" />
            <line number="104" hits="124" branch="True" condition-coverage="100% (4/4)">
              <conditions>
                <condition number="21" type="jump" coverage="100%" />
                <condition number="41" type="jump" coverage="100%" />
              </conditions>
            </line>
            <line number="105" hits="118" branch="False" />
            <line number="107" hits="118" branch="True" condition-coverage="100% (4/4)">
              <conditions>
                <condition number="52" type="jump" coverage="100%" />
                <condition number="70" type="jump" coverage="100%" />
              </conditions>
            </line>
            <line number="108" hits="111" branch="False" />
            <line number="109" hits="111" branch="False" />
            <line number="111" hits="7" branch="False" />
            <line number="113" hits="13" branch="False" />
            <line number="114" hits="124" branch="False" />
            <line number="9" hits="0" branch="False" />
            <line number="10" hits="0" branch="False" />
            <line number="11" hits="0" branch="False" />
            <line number="13" hits="75" branch="False" />
            <line number="14" hits="75" branch="False" />
            <line number="15" hits="75" branch="False" />
            <line number="5" hits="0" branch="False" />
          </lines>
        </class>
        <class name="TiempoReal" filename="TiempoReal.cs" line-rate="1" branch-rate="1" complexity="1">
          <methods>
            <method name="get_Ahora" signature="()" line-rate="1" branch-rate="1" complexity="1">
              <lines>
                <line number="4" hits="39" branch="False" />
              </lines>
            </method>
          </methods>
          <lines>
            <line number="4" hits="39" branch="False" />
          </lines>
        </class>
        <class name="TiempoSimulado" filename="TiempoSimulado.cs" line-rate="1" branch-rate="1" complexity="8">
          <methods>
            <method name="get_Ahora" signature="()" line-rate="1" branch-rate="1" complexity="1">
              <lines>
                <line number="20" hits="6788" branch="False" />
              </lines>
            </method>
            <method name="EstablecerTiempo" signature="(System.DateTime)" line-rate="1" branch-rate="1" complexity="1">
              <lines>
                <line number="26" hits="54" branch="False" />
                <line number="27" hits="54" branch="False" />
                <line number="28" hits="54" branch="False" />
              </lines>
            </method>
            <method name="AvanzarTiempo" signature="(System.TimeSpan)" line-rate="1" branch-rate="1" complexity="1">
              <lines>
                <line number="34" hits="104" branch="False" />
                <line number="35" hits="104" branch="False" />
                <line number="36" hits="104" branch="False" />
              </lines>
            </method>
            <method name="AvanzarMinutos" signature="(System.Double)" line-rate="1" branch-rate="1" complexity="1">
              <lines>
                <line number="42" hits="90" branch="False" />
                <line number="43" hits="90" branch="False" />
                <line number="44" hits="90" branch="False" />
              </lines>
            </method>
            <method name="AvanzarHoras" signature="(System.Double)" line-rate="1" branch-rate="1" complexity="1">
              <lines>
                <line number="50" hits="6" branch="False" />
                <line number="51" hits="6" branch="False" />
                <line number="52" hits="6" branch="False" />
              </lines>
            </method>
            <method name="AvanzarDias" signature="(System.Int32)" line-rate="1" branch-rate="1" complexity="1">
              <lines>
                <line number="58" hits="5" branch="False" />
                <line number="59" hits="5" branch="False" />
                <line number="60" hits="5" branch="False" />
              </lines>
            </method>
            <method name=".ctor" signature="(System.DateTime)" line-rate="1" branch-rate="1" complexity="1">
              <lines>
                <line number="11" hits="303" branch="False" />
                <line number="12" hits="303" branch="False" />
                <line number="13" hits="303" branch="False" />
                <line number="14" hits="303" branch="False" />
              </lines>
            </method>
            <method name=".ctor" signature="()" line-rate="1" branch-rate="1" complexity="1">
              <lines>
                <line number="16" hits="1" branch="False" />
                <line number="17" hits="1" branch="False" />
                <line number="18" hits="1" branch="False" />
              </lines>
            </method>
          </methods>
          <lines>
            <line number="20" hits="6788" branch="False" />
            <line number="26" hits="54" branch="False" />
            <line number="27" hits="54" branch="False" />
            <line number="28" hits="54" branch="False" />
            <line number="34" hits="104" branch="False" />
            <line number="35" hits="104" branch="False" />
            <line number="36" hits="104" branch="False" />
            <line number="42" hits="90" branch="False" />
            <line number="43" hits="90" branch="False" />
            <line number="44" hits="90" branch="False" />
            <line number="50" hits="6" branch="False" />
            <line number="51" hits="6" branch="False" />
            <line number="52" hits="6" branch="False" />
            <line number="58" hits="5" branch="False" />
            <line number="59" hits="5" branch="False" />
            <line number="60" hits="5" branch="False" />
            <line number="11" hits="303" branch="False" />
            <line number="12" hits="303" branch="False" />
            <line number="13" hits="303" branch="False" />
            <line number="14" hits="303" branch="False" />
            <line number="16" hits="1" branch="False" />
            <line number="17" hits="1" branch="False" />
            <line number="18" hits="1" branch="False" />
          </lines>
        </class>
      </classes>
    </package>
  </packages>
</coverage>