<?xml version="1.0" encoding="utf-8"?>
<coverage line-rate="0.9144" branch-rate="0.9209999999999999" version="1.9" timestamp="1763848799" lines-covered="171" lines-valid="187" branches-covered="35" branches-valid="38">
  <sources>
    <source>C:\Users\PC\Desktop\6to\Luchini-TrabajoTarjeta2025\TarjetaSube\</source>
  </sources>
  <packages>
    <package name="TarjetaSube" line-rate="0.9144" branch-rate="0.9209999999999999" complexity="63">
      <classes>
        <class name="Boleto" filename="Boleto.cs" line-rate="0.6296" branch-rate="1" complexity="12">
          <methods>
            <method name="get_MontoPagado" signature="()" line-rate="1" branch-rate="1" complexity="1">
              <lines>
                <line number="26" hits="177" branch="False" />
              </lines>
            </method>
            <method name="get_LineaColectivo" signature="()" line-rate="1" branch-rate="1" complexity="1">
              <lines>
                <line number="31" hits="69" branch="False" />
              </lines>
            </method>
            <method name="get_Empresa" signature="()" line-rate="1" branch-rate="1" complexity="1">
              <lines>
                <line number="36" hits="69" branch="False" />
              </lines>
            </method>
            <method name="get_SaldoRestante" signature="()" line-rate="1" branch-rate="1" complexity="1">
              <lines>
                <line number="41" hits="105" branch="False" />
              </lines>
            </method>
            <method name="get_FechaHora" signature="()" line-rate="1" branch-rate="1" complexity="1">
              <lines>
                <line number="46" hits="42" branch="False" />
              </lines>
            </method>
            <method name="get_Fecha" signature="()" line-rate="0" branch-rate="1" complexity="1">
              <lines>
                <line number="51" hits="0" branch="False" />
              </lines>
            </method>
            <method name="get_TipoTarjeta" signature="()" line-rate="1" branch-rate="1" complexity="1">
              <lines>
                <line number="56" hits="81" branch="False" />
              </lines>
            </method>
            <method name="get_TotalAbonado" signature="()" line-rate="0" branch-rate="1" complexity="1">
              <lines>
                <line number="61" hits="0" branch="False" />
              </lines>
            </method>
            <method name="get_Saldo" signature="()" line-rate="0" branch-rate="1" complexity="1">
              <lines>
                <line number="66" hits="0" branch="False" />
              </lines>
            </method>
            <method name="get_IdTarjeta" signature="()" line-rate="1" branch-rate="1" complexity="1">
              <lines>
                <line number="71" hits="54" branch="False" />
              </lines>
            </method>
            <method name="ToString" signature="()" line-rate="0" branch-rate="1" complexity="1">
              <lines>
                <line number="75" hits="0" branch="False" />
                <line number="76" hits="0" branch="False" />
                <line number="77" hits="0" branch="False" />
                <line number="78" hits="0" branch="False" />
                <line number="79" hits="0" branch="False" />
                <line number="80" hits="0" branch="False" />
                <line number="81" hits="0" branch="False" />
              </lines>
            </method>
            <method name=".ctor" signature="(System.Decimal,System.String,System.String,System.Decimal,System.String,System.Int32)" line-rate="1" branch-rate="1" complexity="1">
              <lines>
                <line number="13" hits="126" branch="False" />
                <line number="14" hits="126" branch="False" />
                <line number="15" hits="126" branch="False" />
                <line number="16" hits="126" branch="False" />
                <line number="17" hits="126" branch="False" />
                <line number="18" hits="126" branch="False" />
                <line number="19" hits="126" branch="False" />
                <line number="20" hits="126" branch="False" />
                <line number="21" hits="126" branch="False" />
                <line number="22" hits="126" branch="False" />
              </lines>
            </method>
          </methods>
          <lines>
            <line number="26" hits="177" branch="False" />
            <line number="31" hits="69" branch="False" />
            <line number="36" hits="69" branch="False" />
            <line number="41" hits="105" branch="False" />
            <line number="46" hits="42" branch="False" />
            <line number="51" hits="0" branch="False" />
            <line number="56" hits="81" branch="False" />
            <line number="61" hits="0" branch="False" />
            <line number="66" hits="0" branch="False" />
            <line number="71" hits="54" branch="False" />
            <line number="75" hits="0" branch="False" />
            <line number="76" hits="0" branch="False" />
            <line number="77" hits="0" branch="False" />
            <line number="78" hits="0" branch="False" />
            <line number="79" hits="0" branch="False" />
            <line number="80" hits="0" branch="False" />
            <line number="81" hits="0" branch="False" />
            <line number="13" hits="126" branch="False" />
            <line number="14" hits="126" branch="False" />
            <line number="15" hits="126" branch="False" />
            <line number="16" hits="126" branch="False" />
            <line number="17" hits="126" branch="False" />
            <line number="18" hits="126" branch="False" />
            <line number="19" hits="126" branch="False" />
            <line number="20" hits="126" branch="False" />
            <line number="21" hits="126" branch="False" />
            <line number="22" hits="126" branch="False" />
          </lines>
        </class>
        <class name="Colectivo" filename="Colectivo.cs" line-rate="1" branch-rate="1" complexity="7">
          <methods>
            <method name="PagarCon" signature="(Tarjeta)" line-rate="1" branch-rate="1" complexity="4">
              <lines>
                <line number="13" hits="85" branch="False" />
                <line number="14" hits="85" branch="True" condition-coverage="100% (2/2)">
                  <conditions>
                    <condition number="7" type="jump" coverage="100%" />
                  </conditions>
                </line>
                <line number="15" hits="1" branch="False" />
                <line number="17" hits="84" branch="False" />
                <line number="21" hits="84" branch="True" condition-coverage="100% (2/2)">
                  <conditions>
                    <condition number="28" type="jump" coverage="100%" />
                  </conditions>
                </line>
                <line number="22" hits="72" branch="False" />
                <line number="23" hits="72" branch="False" />
                <line number="26" hits="12" branch="False" />
                <line number="27" hits="85" branch="False" />
              </lines>
            </method>
            <method name="get_Linea" signature="()" line-rate="1" branch-rate="1" complexity="1">
              <lines>
                <line number="31" hits="6" branch="False" />
              </lines>
            </method>
            <method name="get_Empresa" signature="()" line-rate="1" branch-rate="1" complexity="1">
              <lines>
                <line number="36" hits="6" branch="False" />
              </lines>
            </method>
            <method name=".ctor" signature="(System.String,System.String)" line-rate="1" branch-rate="1" complexity="1">
              <lines>
                <line number="6" hits="87" branch="False" />
                <line number="7" hits="87" branch="False" />
                <line number="8" hits="87" branch="False" />
                <line number="9" hits="87" branch="False" />
                <line number="10" hits="87" branch="False" />
              </lines>
            </method>
          </methods>
          <lines>
            <line number="13" hits="85" branch="False" />
            <line number="14" hits="85" branch="True" condition-coverage="100% (2/2)">
              <conditions>
                <condition number="7" type="jump" coverage="100%" />
              </conditions>
            </line>
            <line number="15" hits="1" branch="False" />
            <line number="17" hits="84" branch="False" />
            <line number="21" hits="84" branch="True" condition-coverage="100% (2/2)">
              <conditions>
                <condition number="28" type="jump" coverage="100%" />
              </conditions>
            </line>
            <line number="22" hits="72" branch="False" />
            <line number="23" hits="72" branch="False" />
            <line number="26" hits="12" branch="False" />
            <line number="27" hits="85" branch="False" />
            <line number="31" hits="6" branch="False" />
            <line number="36" hits="6" branch="False" />
            <line number="6" hits="87" branch="False" />
            <line number="7" hits="87" branch="False" />
            <line number="8" hits="87" branch="False" />
            <line number="9" hits="87" branch="False" />
            <line number="10" hits="87" branch="False" />
          </lines>
        </class>
        <class name="Tarjeta" filename="Tarjeta.cs" line-rate="0.9651000000000001" branch-rate="0.9444" complexity="25">
          <methods>
            <method name="get_Saldo" signature="()" line-rate="1" branch-rate="1" complexity="1">
              <lines>
                <line number="19" hits="600" branch="False" />
              </lines>
            </method>
            <method name="get_SaldoPendiente" signature="()" line-rate="1" branch-rate="1" complexity="1">
              <lines>
                <line number="24" hits="84" branch="False" />
              </lines>
            </method>
            <method name="get_Id" signature="()" line-rate="1" branch-rate="1" complexity="1">
              <lines>
                <line number="29" hits="246" branch="False" />
              </lines>
            </method>
            <method name="Cargar" signature="(System.Decimal)" line-rate="0.8887999999999999" branch-rate="0.875" complexity="8">
              <lines>
                <line number="43" hits="137" branch="False" />
                <line number="44" hits="137" branch="False" />
                <line number="46" hits="137" branch="True" condition-coverage="100% (2/2)">
                  <conditions>
                    <condition number="192" type="jump" coverage="100%" />
                  </conditions>
                </line>
                <line number="47" hits="9" branch="False" />
                <line number="50" hits="128" branch="True" condition-coverage="100% (2/2)">
                  <conditions>
                    <condition number="221" type="jump" coverage="100%" />
                  </conditions>
                </line>
                <line number="51" hits="7" branch="False" />
                <line number="52" hits="7" branch="False" />
                <line number="53" hits="7" branch="True" condition-coverage="50% (1/2)">
                  <conditions>
                    <condition number="254" type="jump" coverage="50%" />
                  </conditions>
                </line>
                <line number="54" hits="0" branch="False" />
                <line number="55" hits="0" branch="False" />
                <line number="56" hits="0" branch="False" />
                <line number="59" hits="7" branch="False" />
                <line number="60" hits="7" branch="False" />
                <line number="61" hits="7" branch="False" />
                <line number="62" hits="7" branch="False" />
                <line number="63" hits="7" branch="False" />
                <line number="65" hits="128" branch="False" />
                <line number="67" hits="128" branch="True" condition-coverage="100% (2/2)">
                  <conditions>
                    <condition number="331" type="jump" coverage="100%" />
                  </conditions>
                </line>
                <line number="68" hits="107" branch="False" />
                <line number="69" hits="107" branch="False" />
                <line number="70" hits="107" branch="False" />
                <line number="72" hits="21" branch="False" />
                <line number="73" hits="21" branch="False" />
                <line number="74" hits="21" branch="False" />
                <line number="75" hits="21" branch="False" />
                <line number="77" hits="128" branch="False" />
                <line number="78" hits="137" branch="False" />
              </lines>
            </method>
            <method name="AcreditarCarga" signature="()" line-rate="1" branch-rate="1" complexity="4">
              <lines>
                <line number="81" hits="149" branch="False" />
                <line number="82" hits="149" branch="True" condition-coverage="100% (2/2)">
                  <conditions>
                    <condition number="19" type="jump" coverage="100%" />
                  </conditions>
                </line>
                <line number="83" hits="133" branch="False" />
                <line number="85" hits="16" branch="False" />
                <line number="87" hits="16" branch="True" condition-coverage="100% (2/2)">
                  <conditions>
                    <condition number="59" type="jump" coverage="100%" />
                  </conditions>
                </line>
                <line number="88" hits="4" branch="False" />
                <line number="89" hits="4" branch="False" />
                <line number="90" hits="4" branch="False" />
                <line number="91" hits="4" branch="False" />
                <line number="93" hits="12" branch="False" />
                <line number="94" hits="12" branch="False" />
                <line number="95" hits="12" branch="False" />
                <line number="96" hits="12" branch="False" />
                <line number="97" hits="149" branch="False" />
              </lines>
            </method>
            <method name="Descontar" signature="(System.Decimal)" line-rate="1" branch-rate="1" complexity="2">
              <lines>
                <line number="100" hits="156" branch="False" />
                <line number="102" hits="156" branch="True" condition-coverage="100% (2/2)">
                  <conditions>
                    <condition number="30" type="jump" coverage="100%" />
                  </conditions>
                </line>
                <line number="103" hits="8" branch="False" />
                <line number="105" hits="148" branch="False" />
                <line number="106" hits="148" branch="False" />
                <line number="107" hits="148" branch="False" />
                <line number="108" hits="156" branch="False" />
              </lines>
            </method>
            <method name="PagarPasaje" signature="()" line-rate="1" branch-rate="1" complexity="2">
              <lines>
                <line number="111" hits="75" branch="False" />
                <line number="112" hits="75" branch="False" />
                <line number="113" hits="75" branch="True" condition-coverage="100% (2/2)">
                  <conditions>
                    <condition number="21" type="jump" coverage="100%" />
                  </conditions>
                </line>
                <line number="114" hits="72" branch="False" />
                <line number="115" hits="72" branch="False" />
                <line number="116" hits="72" branch="False" />
                <line number="117" hits="75" branch="False" />
                <line number="118" hits="75" branch="False" />
              </lines>
            </method>
            <method name="ObtenerTarifa" signature="()" line-rate="1" branch-rate="1" complexity="1">
              <lines>
                <line number="121" hits="104" branch="False" />
                <line number="122" hits="104" branch="False" />
                <line number="123" hits="104" branch="False" />
              </lines>
            </method>
            <method name="ObtenerTipo" signature="()" line-rate="1" branch-rate="1" complexity="1">
              <lines>
                <line number="126" hits="19" branch="False" />
                <line number="127" hits="19" branch="False" />
                <line number="128" hits="19" branch="False" />
              </lines>
            </method>
            <method name="ActualizarContadorViajes" signature="()" line-rate="1" branch-rate="1" complexity="2">
              <lines>
                <line number="131" hits="167" branch="False" />
                <line number="132" hits="167" branch="False" />
                <line number="133" hits="167" branch="True" condition-coverage="100% (2/2)">
                  <conditions>
                    <condition number="32" type="jump" coverage="100%" />
                  </conditions>
                </line>
                <line number="134" hits="45" branch="False" />
                <line number="135" hits="45" branch="False" />
                <line number="136" hits="45" branch="False" />
                <line number="137" hits="45" branch="False" />
                <line number="138" hits="167" branch="False" />
              </lines>
            </method>
            <method name=".ctor" signature="()" line-rate="1" branch-rate="1" complexity="1">
              <lines>
                <line number="32" hits="137" branch="False" />
                <line number="33" hits="137" branch="False" />
                <line number="34" hits="137" branch="False" />
                <line number="35" hits="137" branch="False" />
                <line number="36" hits="137" branch="False" />
                <line number="37" hits="137" branch="False" />
                <line number="38" hits="137" branch="False" />
                <line number="39" hits="137" branch="False" />
                <line number="40" hits="137" branch="False" />
              </lines>
            </method>
            <method name=".cctor" signature="()" line-rate="1" branch-rate="1" complexity="1">
              <lines>
                <line number="8" hits="1" branch="False" />
                <line number="9" hits="1" branch="False" />
                <line number="10" hits="1" branch="False" />
                <line number="14" hits="1" branch="False" />
              </lines>
            </method>
          </methods>
          <lines>
            <line number="19" hits="600" branch="False" />
            <line number="24" hits="84" branch="False" />
            <line number="29" hits="246" branch="False" />
            <line number="43" hits="137" branch="False" />
            <line number="44" hits="137" branch="False" />
            <line number="46" hits="137" branch="True" condition-coverage="100% (2/2)">
              <conditions>
                <condition number="192" type="jump" coverage="100%" />
              </conditions>
            </line>
            <line number="47" hits="9" branch="False" />
            <line number="50" hits="128" branch="True" condition-coverage="100% (2/2)">
              <conditions>
                <condition number="221" type="jump" coverage="100%" />
              </conditions>
            </line>
            <line number="51" hits="7" branch="False" />
            <line number="52" hits="7" branch="False" />
            <line number="53" hits="7" branch="True" condition-coverage="50% (1/2)">
              <conditions>
                <condition number="254" type="jump" coverage="50%" />
              </conditions>
            </line>
            <line number="54" hits="0" branch="False" />
            <line number="55" hits="0" branch="False" />
            <line number="56" hits="0" branch="False" />
            <line number="59" hits="7" branch="False" />
            <line number="60" hits="7" branch="False" />
            <line number="61" hits="7" branch="False" />
            <line number="62" hits="7" branch="False" />
            <line number="63" hits="7" branch="False" />
            <line number="65" hits="128" branch="False" />
            <line number="67" hits="128" branch="True" condition-coverage="100% (2/2)">
              <conditions>
                <condition number="331" type="jump" coverage="100%" />
              </conditions>
            </line>
            <line number="68" hits="107" branch="False" />
            <line number="69" hits="107" branch="False" />
            <line number="70" hits="107" branch="False" />
            <line number="72" hits="21" branch="False" />
            <line number="73" hits="21" branch="False" />
            <line number="74" hits="21" branch="False" />
            <line number="75" hits="21" branch="False" />
            <line number="77" hits="128" branch="False" />
            <line number="78" hits="137" branch="False" />
            <line number="81" hits="149" branch="False" />
            <line number="82" hits="149" branch="True" condition-coverage="100% (2/2)">
              <conditions>
                <condition number="19" type="jump" coverage="100%" />
              </conditions>
            </line>
            <line number="83" hits="133" branch="False" />
            <line number="85" hits="16" branch="False" />
            <line number="87" hits="16" branch="True" condition-coverage="100% (2/2)">
              <conditions>
                <condition number="59" type="jump" coverage="100%" />
              </conditions>
            </line>
            <line number="88" hits="4" branch="False" />
            <line number="89" hits="4" branch="False" />
            <line number="90" hits="4" branch="False" />
            <line number="91" hits="4" branch="False" />
            <line number="93" hits="12" branch="False" />
            <line number="94" hits="12" branch="False" />
            <line number="95" hits="12" branch="False" />
            <line number="96" hits="12" branch="False" />
            <line number="97" hits="149" branch="False" />
            <line number="100" hits="156" branch="False" />
            <line number="102" hits="156" branch="True" condition-coverage="100% (2/2)">
              <conditions>
                <condition number="30" type="jump" coverage="100%" />
              </conditions>
            </line>
            <line number="103" hits="8" branch="False" />
            <line number="105" hits="148" branch="False" />
            <line number="106" hits="148" branch="False" />
            <line number="107" hits="148" branch="False" />
            <line number="108" hits="156" branch="False" />
            <line number="111" hits="75" branch="False" />
            <line number="112" hits="75" branch="False" />
            <line number="113" hits="75" branch="True" condition-coverage="100% (2/2)">
              <conditions>
                <condition number="21" type="jump" coverage="100%" />
              </conditions>
            </line>
            <line number="114" hits="72" branch="False" />
            <line number="115" hits="72" branch="False" />
            <line number="116" hits="72" branch="False" />
            <line number="117" hits="75" branch="False" />
            <line number="118" hits="75" branch="False" />
            <line number="121" hits="104" branch="False" />
            <line number="122" hits="104" branch="False" />
            <line number="123" hits="104" branch="False" />
            <line number="126" hits="19" branch="False" />
            <line number="127" hits="19" branch="False" />
            <line number="128" hits="19" branch="False" />
            <line number="131" hits="167" branch="False" />
            <line number="132" hits="167" branch="False" />
            <line number="133" hits="167" branch="True" condition-coverage="100% (2/2)">
              <conditions>
                <condition number="32" type="jump" coverage="100%" />
              </conditions>
            </line>
            <line number="134" hits="45" branch="False" />
            <line number="135" hits="45" branch="False" />
            <line number="136" hits="45" branch="False" />
            <line number="137" hits="45" branch="False" />
            <line number="138" hits="167" branch="False" />
            <line number="32" hits="137" branch="False" />
            <line number="33" hits="137" branch="False" />
            <line number="34" hits="137" branch="False" />
            <line number="35" hits="137" branch="False" />
            <line number="36" hits="137" branch="False" />
            <line number="37" hits="137" branch="False" />
            <line number="38" hits="137" branch="False" />
            <line number="39" hits="137" branch="False" />
            <line number="40" hits="137" branch="False" />
            <line number="8" hits="1" branch="False" />
            <line number="9" hits="1" branch="False" />
            <line number="10" hits="1" branch="False" />
            <line number="14" hits="1" branch="False" />
          </lines>
        </class>
        <class name="TarjetaFranquiciaCompleta" filename="TarjetaFranquiciaCompleta.cs" line-rate="1" branch-rate="1" complexity="7">
          <methods>
            <method name="PagarPasaje" signature="()" line-rate="1" branch-rate="1" complexity="4">
              <lines>
                <line number="8" hits="38" branch="False" />
                <line number="9" hits="38" branch="False" />
                <line number="11" hits="38" branch="True" condition-coverage="100% (2/2)">
                  <conditions>
                    <condition number="19" type="jump" coverage="100%" />
                  </conditions>
                </line>
                <line number="12" hits="25" branch="False" />
                <line number="14" hits="25" branch="False" />
                <line number="15" hits="25" branch="False" />
                <line number="16" hits="25" branch="False" />
                <line number="19" hits="13" branch="False" />
                <line number="21" hits="13" branch="False" />
                <line number="22" hits="13" branch="True" condition-coverage="100% (2/2)">
                  <conditions>
                    <condition number="68" type="jump" coverage="100%" />
                  </conditions>
                </line>
                <line number="23" hits="11" branch="False" />
                <line number="24" hits="11" branch="False" />
                <line number="25" hits="11" branch="False" />
                <line number="26" hits="11" branch="False" />
                <line number="27" hits="13" branch="False" />
                <line number="29" hits="38" branch="False" />
              </lines>
            </method>
            <method name="ObtenerTarifa" signature="()" line-rate="1" branch-rate="1" complexity="2">
              <lines>
                <line number="32" hits="37" branch="False" />
                <line number="33" hits="37" branch="False" />
                <line number="35" hits="37" branch="True" condition-coverage="100% (2/2)">
                  <conditions>
                    <condition number="19" type="jump" coverage="100%" />
                  </conditions>
                </line>
                <line number="36" hits="24" branch="False" />
                <line number="37" hits="24" branch="False" />
                <line number="40" hits="13" branch="False" />
                <line number="41" hits="13" branch="False" />
                <line number="43" hits="37" branch="False" />
              </lines>
            </method>
            <method name="ObtenerTipo" signature="()" line-rate="1" branch-rate="1" complexity="1">
              <lines>
                <line number="46" hits="35" branch="False" />
                <line number="47" hits="35" branch="False" />
                <line number="48" hits="35" branch="False" />
              </lines>
            </method>
          </methods>
          <lines>
            <line number="8" hits="38" branch="False" />
            <line number="9" hits="38" branch="False" />
            <line number="11" hits="38" branch="True" condition-coverage="100% (2/2)">
              <conditions>
                <condition number="19" type="jump" coverage="100%" />
              </conditions>
            </line>
            <line number="12" hits="25" branch="False" />
            <line number="14" hits="25" branch="False" />
            <line number="15" hits="25" branch="False" />
            <line number="16" hits="25" branch="False" />
            <line number="19" hits="13" branch="False" />
            <line number="21" hits="13" branch="False" />
            <line number="22" hits="13" branch="True" condition-coverage="100% (2/2)">
              <conditions>
                <condition number="68" type="jump" coverage="100%" />
              </conditions>
            </line>
            <line number="23" hits="11" branch="False" />
            <line number="24" hits="11" branch="False" />
            <line number="25" hits="11" branch="False" />
            <line number="26" hits="11" branch="False" />
            <line number="27" hits="13" branch="False" />
            <line number="29" hits="38" branch="False" />
            <line number="32" hits="37" branch="False" />
            <line number="33" hits="37" branch="False" />
            <line number="35" hits="37" branch="True" condition-coverage="100% (2/2)">
              <conditions>
                <condition number="19" type="jump" coverage="100%" />
              </conditions>
            </line>
            <line number="36" hits="24" branch="False" />
            <line number="37" hits="24" branch="False" />
            <line number="40" hits="13" branch="False" />
            <line number="41" hits="13" branch="False" />
            <line number="43" hits="37" branch="False" />
            <line number="46" hits="35" branch="False" />
            <line number="47" hits="35" branch="False" />
            <line number="48" hits="35" branch="False" />
          </lines>
        </class>
        <class name="TarjetaMedioBoleto" filename="TarjetaMedioBoleto.cs" line-rate="0.9031999999999999" branch-rate="0.8" complexity="12">
          <methods>
            <method name="PagarPasaje" signature="()" line-rate="0.95" branch-rate="0.875" complexity="8">
              <lines>
                <line number="10" hits="34" branch="False" />
                <line number="11" hits="34" branch="False" />
                <line number="14" hits="34" branch="True" condition-coverage="100% (2/2)">
                  <conditions>
                    <condition number="19" type="jump" coverage="100%" />
                  </conditions>
                </line>
                <line number="15" hits="34" branch="False" />
                <line number="16" hits="34" branch="True" condition-coverage="100% (2/2)">
                  <conditions>
                    <condition number="40" type="jump" coverage="100%" />
                  </conditions>
                </line>
                <line number="17" hits="10" branch="False" />
                <line number="18" hits="10" branch="False" />
                <line number="19" hits="10" branch="True" condition-coverage="50% (1/2)">
                  <conditions>
                    <condition number="82" type="jump" coverage="50%" />
                  </conditions>
                </line>
                <line number="20" hits="10" branch="False" />
                <line number="21" hits="10" branch="False" />
                <line number="23" hits="0" branch="False" />
                <line number="24" hits="24" branch="False" />
                <line number="26" hits="24" branch="False" />
                <line number="27" hits="24" branch="True" condition-coverage="100% (2/2)">
                  <conditions>
                    <condition number="110" type="jump" coverage="100%" />
                  </conditions>
                </line>
                <line number="28" hits="24" branch="False" />
                <line number="29" hits="24" branch="False" />
                <line number="30" hits="24" branch="False" />
                <line number="31" hits="24" branch="False" />
                <line number="32" hits="24" branch="False" />
                <line number="33" hits="34" branch="False" />
              </lines>
            </method>
            <method name="ObtenerTarifa" signature="()" line-rate="0.8571" branch-rate="0.5" complexity="2">
              <lines>
                <line number="36" hits="58" branch="False" />
                <line number="37" hits="58" branch="False" />
                <line number="40" hits="58" branch="True" condition-coverage="50% (1/2)">
                  <conditions>
                    <condition number="19" type="jump" coverage="50%" />
                  </conditions>
                </line>
                <line number="41" hits="58" branch="False" />
                <line number="42" hits="58" branch="False" />
                <line number="46" hits="0" branch="False" />
                <line number="47" hits="58" branch="False" />
              </lines>
            </method>
            <method name="ObtenerTipo" signature="()" line-rate="1" branch-rate="1" complexity="1">
              <lines>
                <line number="50" hits="21" branch="False" />
                <line number="51" hits="21" branch="False" />
                <line number="52" hits="21" branch="False" />
              </lines>
            </method>
            <method name=".cctor" signature="()" line-rate="0" branch-rate="1" complexity="1">
              <lines>
                <line number="5" hits="0" branch="False" />
              </lines>
            </method>
          </methods>
          <lines>
            <line number="10" hits="34" branch="False" />
            <line number="11" hits="34" branch="False" />
            <line number="14" hits="34" branch="True" condition-coverage="100% (2/2)">
              <conditions>
                <condition number="19" type="jump" coverage="100%" />
              </conditions>
            </line>
            <line number="15" hits="34" branch="False" />
            <line number="16" hits="34" branch="True" condition-coverage="100% (2/2)">
              <conditions>
                <condition number="40" type="jump" coverage="100%" />
              </conditions>
            </line>
            <line number="17" hits="10" branch="False" />
            <line number="18" hits="10" branch="False" />
            <line number="19" hits="10" branch="True" condition-coverage="50% (1/2)">
              <conditions>
                <condition number="82" type="jump" coverage="50%" />
              </conditions>
            </line>
            <line number="20" hits="10" branch="False" />
            <line number="21" hits="10" branch="False" />
            <line number="23" hits="0" branch="False" />
            <line number="24" hits="24" branch="False" />
            <line number="26" hits="24" branch="False" />
            <line number="27" hits="24" branch="True" condition-coverage="100% (2/2)">
              <conditions>
                <condition number="110" type="jump" coverage="100%" />
              </conditions>
            </line>
            <line number="28" hits="24" branch="False" />
            <line number="29" hits="24" branch="False" />
            <line number="30" hits="24" branch="False" />
            <line number="31" hits="24" branch="False" />
            <line number="32" hits="24" branch="False" />
            <line number="33" hits="34" branch="False" />
            <line number="36" hits="58" branch="False" />
            <line number="37" hits="58" branch="False" />
            <line number="40" hits="58" branch="True" condition-coverage="50% (1/2)">
              <conditions>
                <condition number="19" type="jump" coverage="50%" />
              </conditions>
            </line>
            <line number="41" hits="58" branch="False" />
            <line number="42" hits="58" branch="False" />
            <line number="46" hits="0" branch="False" />
            <line number="47" hits="58" branch="False" />
            <line number="50" hits="21" branch="False" />
            <line number="51" hits="21" branch="False" />
            <line number="52" hits="21" branch="False" />
            <line number="5" hits="0" branch="False" />
          </lines>
        </class>
      </classes>
    </package>
  </packages>
</coverage>